{"name": "Проверка создания заказа без ингредиентов под авторизованным пользователем", "status": "failed", "statusDetails": {"message": "AssertionError: assert 'Modal_modal_opened__3ISw4' not in 'Modal_modal...modal__P3_V5'\n  'Modal_modal_opened__3ISw4' is contained here:\n    Modal_modal_opened__3ISw4 Modal_modal__P3_V5", "trace": "self = <tests.test_basic_functionality.TestBasicFunctionality object at 0x0000018539A2E450>, driver = <selenium.webdriver.chrome.webdriver.WebDriver (session=\"31cab604d30be4a1dac3ec300959b985\")>\ncreating_new_user = ['lbbjjbq@mail.ru', 'upylsr']\n\n    @allure.title('Проверка создания заказа без ингредиентов под авторизованным пользователем')\n    def test_make_order_authorized_user_without_ingredient(self, driver, creating_new_user):\n        main_page = MainPageHelper(driver)\n        main_page.go_to_page()\n        main_page.wait_hidden_loader()\n        main_page.click_on_button_personal_account()\n        login_page = LoginPageHelper(driver)\n        login_page.filling_field_email_on_login_page(email=creating_new_user[0])\n        login_page.filling_field_password_on_login_page(password=creating_new_user[1])\n        login_page.click_on_button_login()\n        main_page.wait_hidden_loader()\n        main_page.click_on_button_make_order()\n        actual_result = main_page.get_class_modal_order()\n    \n>       assert 'Modal_modal_opened__3ISw4' not in actual_result\nE       AssertionError: assert 'Modal_modal_opened__3ISw4' not in 'Modal_modal...modal__P3_V5'\nE         'Modal_modal_opened__3ISw4' is contained here:\nE           Modal_modal_opened__3ISw4 Modal_modal__P3_V5\n\ntests\\test_basic_functionality.py:98: AssertionError"}, "steps": [{"name": "Открытие страницы Stellar Burgers", "status": "passed", "start": 1706541486964, "stop": 1706541487670}, {"name": "Нажимаем на кнопку \"Личный кабинет\"", "status": "passed", "start": 1706541488207, "stop": 1706541488263}, {"name": "Заполняем поле \"Email\" на странице авторизации", "status": "passed", "parameters": [{"name": "email", "value": "'lbbjjbq@mail.ru'"}], "start": 1706541488264, "stop": 1706541488331}, {"name": "Заполняем поле \"Пароль\" на странице авторизации", "status": "passed", "parameters": [{"name": "password", "value": "'upylsr'"}], "start": 1706541488331, "stop": 1706541488380}, {"name": "Нажимаем на кнопку \"Войти\" на странице авторизации", "status": "passed", "start": 1706541488380, "stop": 1706541488422}, {"name": "Нажимаем на кнопку \"Оформить заказ\"", "status": "passed", "start": 1706541488432, "stop": 1706541488974}, {"name": "Получаем класс модального окна оформленного заказа", "status": "passed", "start": 1706541488974, "stop": 1706541489504}], "parameters": [{"name": "driver", "value": "'chrome'"}], "start": 1706541486964, "stop": 1706541489504, "uuid": "2930a84c-3a58-4930-9c7e-280a9e17ca7f", "historyId": "ba7809c21cc78d392d9498f5c20f6bd5", "testCaseId": "7026bb8fce20ebdc13e3697545ef1389", "fullName": "tests.test_basic_functionality.TestBasicFunctionality#test_make_order_authorized_user_without_ingredient", "labels": [{"name": "parentSuite", "value": "tests"}, {"name": "suite", "value": "test_basic_functionality"}, {"name": "subSuite", "value": "TestBasicFunctionality"}, {"name": "host", "value": "inetshop-61"}, {"name": "thread", "value": "27864-MainThread"}, {"name": "framework", "value": "pytest"}, {"name": "language", "value": "cpython3"}, {"name": "package", "value": "tests.test_basic_functionality"}]}