{"name": "Проверка закрытия модального окна \"Детали ингредиента\" кликом на крестик", "status": "failed", "statusDetails": {"message": "AssertionError: assert 'https://stel...f82001bdaaa6d' == 'https://stel...parties.site/'\n  - https://stellarburgers.nomoreparties.site/\n  + https://stellarburgers.nomoreparties.site/ingredient/61c0c5a71d1f82001bdaaa6d", "trace": "self = <tests.test_basic_functionality.TestBasicFunctionality object at 0x0000018539A178D0>, driver = <selenium.webdriver.chrome.webdriver.WebDriver (session=\"984cdf26d2e3feb91db41061616ea800\")>\n\n    @allure.title('Проверка закрытия модального окна \"Детали ингредиента\" кликом на крестик')\n    def test_close_modal_ingredient(self, driver):\n        main_page = MainPageHelper(driver)\n        main_page.go_to_page()\n        main_page.wait_hidden_loader()\n        main_page.click_on_ingredient()\n        main_page.click_on_button_close_ingredient()\n        actual_result = main_page.get_class_modal_ingredient()\n    \n        assert 'Modal_modal_opened__3ISw4' not in actual_result\n>       assert driver.current_url == main_page.base_url\nE       AssertionError: assert 'https://stel...f82001bdaaa6d' == 'https://stel...parties.site/'\nE         - https://stellarburgers.nomoreparties.site/\nE         + https://stellarburgers.nomoreparties.site/ingredient/61c0c5a71d1f82001bdaaa6d\n\ntests\\test_basic_functionality.py:54: AssertionError"}, "steps": [{"name": "Открытие страницы Stellar Burgers", "status": "passed", "start": 1706541410740, "stop": 1706541411338}, {"name": "Нажимаем на ингредиент", "status": "passed", "start": 1706541411873, "stop": 1706541411927}, {"name": "Закрываем модальное окно кликом по крестику", "status": "passed", "start": 1706541411927, "stop": 1706541411966}, {"name": "Получаем класс модального окна \"Детали ингредиента\"", "status": "passed", "start": 1706541411966, "stop": 1706541411983}], "parameters": [{"name": "driver", "value": "'chrome'"}], "start": 1706541410739, "stop": 1706541411987, "uuid": "6bc01856-a86c-4d0f-b919-f7694cbb31a1", "historyId": "ea74ee606ac398dc76453df1eddfddfa", "testCaseId": "3be56d6c0d590e1db9a803fce12f527b", "fullName": "tests.test_basic_functionality.TestBasicFunctionality#test_close_modal_ingredient", "labels": [{"name": "parentSuite", "value": "tests"}, {"name": "suite", "value": "test_basic_functionality"}, {"name": "subSuite", "value": "TestBasicFunctionality"}, {"name": "host", "value": "inetshop-61"}, {"name": "thread", "value": "27864-MainThread"}, {"name": "framework", "value": "pytest"}, {"name": "language", "value": "cpython3"}, {"name": "package", "value": "tests.test_basic_functionality"}]}