{"name": "Проверка создания заказа без ингредиентов под авторизованным пользователем", "status": "failed", "statusDetails": {"message": "AssertionError: assert 'Modal_modal_opened__3ISw4' not in 'Modal_modal...modal__P3_V5'\n  'Modal_modal_opened__3ISw4' is contained here:\n    Modal_modal_opened__3ISw4 Modal_modal__P3_V5", "trace": "self = <tests.test_basic_functionality.TestBasicFunctionality object at 0x0000018539A2E190>, driver = <selenium.webdriver.firefox.webdriver.WebDriver (session=\"f4c6f595-1282-4045-a6c9-091817c80f25\")>\ncreating_new_user = ['ybqvpof@mail.ru', 'yjwchb']\n\n    @allure.title('Проверка создания заказа без ингредиентов под авторизованным пользователем')\n    def test_make_order_authorized_user_without_ingredient(self, driver, creating_new_user):\n        main_page = MainPageHelper(driver)\n        main_page.go_to_page()\n        main_page.wait_hidden_loader()\n        main_page.click_on_button_personal_account()\n        login_page = LoginPageHelper(driver)\n        login_page.filling_field_email_on_login_page(email=creating_new_user[0])\n        login_page.filling_field_password_on_login_page(password=creating_new_user[1])\n        login_page.click_on_button_login()\n        main_page.wait_hidden_loader()\n        main_page.click_on_button_make_order()\n        actual_result = main_page.get_class_modal_order()\n    \n>       assert 'Modal_modal_opened__3ISw4' not in actual_result\nE       AssertionError: assert 'Modal_modal_opened__3ISw4' not in 'Modal_modal...modal__P3_V5'\nE         'Modal_modal_opened__3ISw4' is contained here:\nE           Modal_modal_opened__3ISw4 Modal_modal__P3_V5\n\ntests\\test_basic_functionality.py:98: AssertionError"}, "steps": [{"name": "Открытие страницы Stellar Burgers", "status": "passed", "start": 1706541463393, "stop": 1706541463928}, {"name": "Нажимаем на кнопку \"Личный кабинет\"", "status": "passed", "start": 1706541464487, "stop": 1706541464748}, {"name": "Заполняем поле \"Email\" на странице авторизации", "status": "passed", "parameters": [{"name": "email", "value": "'ybqvpof@mail.ru'"}], "start": 1706541464748, "stop": 1706541464798}, {"name": "Заполняем поле \"Пароль\" на странице авторизации", "status": "passed", "parameters": [{"name": "password", "value": "'yjwchb'"}], "start": 1706541464798, "stop": 1706541464814}, {"name": "Нажимаем на кнопку \"Войти\" на странице авторизации", "status": "passed", "start": 1706541464814, "stop": 1706541465051}, {"name": "Нажимаем на кнопку \"Оформить заказ\"", "status": "passed", "start": 1706541465577, "stop": 1706541465792}, {"name": "Получаем класс модального окна оформленного заказа", "status": "passed", "start": 1706541465792, "stop": 1706541465807}], "attachments": [{"name": "log", "source": "9426e639-b67b-4083-90c8-2d587ff49317-attachment.txt", "type": "text/plain"}], "parameters": [{"name": "driver", "value": "'firefox'"}], "start": 1706541463393, "stop": 1706541465808, "uuid": "589126d8-c3ff-4fef-bbef-3fb03870ffbb", "historyId": "fb7b2e6ecfd177bee2d2ebd4260ba50d", "testCaseId": "7026bb8fce20ebdc13e3697545ef1389", "fullName": "tests.test_basic_functionality.TestBasicFunctionality#test_make_order_authorized_user_without_ingredient", "labels": [{"name": "parentSuite", "value": "tests"}, {"name": "suite", "value": "test_basic_functionality"}, {"name": "subSuite", "value": "TestBasicFunctionality"}, {"name": "host", "value": "inetshop-61"}, {"name": "thread", "value": "27864-MainThread"}, {"name": "framework", "value": "pytest"}, {"name": "language", "value": "cpython3"}, {"name": "package", "value": "tests.test_basic_functionality"}]}