{"name": "Проверка закрытия модального окна \"Детали ингредиента\" кликом на крестик", "status": "failed", "statusDetails": {"message": "AssertionError: assert 'https://stel...f82001bdaaa6d' == 'https://stel...parties.site/'\n  - https://stellarburgers.nomoreparties.site/\n  + https://stellarburgers.nomoreparties.site/ingredient/61c0c5a71d1f82001bdaaa6d", "trace": "self = <tests.test_basic_functionality.TestBasicFunctionality object at 0x0000018539A17610>, driver = <selenium.webdriver.firefox.webdriver.WebDriver (session=\"a8697b79-3d68-4a75-afb3-83f7325fd85d\")>\n\n    @allure.title('Проверка закрытия модального окна \"Детали ингредиента\" кликом на крестик')\n    def test_close_modal_ingredient(self, driver):\n        main_page = MainPageHelper(driver)\n        main_page.go_to_page()\n        main_page.wait_hidden_loader()\n        main_page.click_on_ingredient()\n        main_page.click_on_button_close_ingredient()\n        actual_result = main_page.get_class_modal_ingredient()\n    \n        assert 'Modal_modal_opened__3ISw4' not in actual_result\n>       assert driver.current_url == main_page.base_url\nE       AssertionError: assert 'https://stel...f82001bdaaa6d' == 'https://stel...parties.site/'\nE         - https://stellarburgers.nomoreparties.site/\nE         + https://stellarburgers.nomoreparties.site/ingredient/61c0c5a71d1f82001bdaaa6d\n\ntests\\test_basic_functionality.py:54: AssertionError"}, "steps": [{"name": "Открытие страницы Stellar Burgers", "status": "passed", "start": 1706541404760, "stop": 1706541405423}, {"name": "Нажимаем на ингредиент", "status": "passed", "start": 1706541405955, "stop": 1706541406206}, {"name": "Закрываем модальное окно кликом по крестику", "status": "passed", "start": 1706541406207, "stop": 1706541406425}, {"name": "Получаем класс модального окна \"Детали ингредиента\"", "status": "passed", "start": 1706541406425, "stop": 1706541406439}], "attachments": [{"name": "log", "source": "70d6390e-ac8a-4d4f-ac27-662be439aac9-attachment.txt", "type": "text/plain"}], "parameters": [{"name": "driver", "value": "'firefox'"}], "start": 1706541404760, "stop": 1706541406441, "uuid": "5f8484fc-2be4-4c72-a8b9-d6bd835f5581", "historyId": "a707fb5863d6db7768d9f1db6a36b0a4", "testCaseId": "3be56d6c0d590e1db9a803fce12f527b", "fullName": "tests.test_basic_functionality.TestBasicFunctionality#test_close_modal_ingredient", "labels": [{"name": "parentSuite", "value": "tests"}, {"name": "suite", "value": "test_basic_functionality"}, {"name": "subSuite", "value": "TestBasicFunctionality"}, {"name": "host", "value": "inetshop-61"}, {"name": "thread", "value": "27864-MainThread"}, {"name": "framework", "value": "pytest"}, {"name": "language", "value": "cpython3"}, {"name": "package", "value": "tests.test_basic_functionality"}]}