{"name": "Проверка заказов пользователя в \"Лента заказов\"", "status": "broken", "statusDetails": {"message": "selenium.common.exceptions.TimeoutException: Message: \nStacktrace:\nRemoteError@chrome://remote/content/shared/RemoteError.sys.mjs:8:8\nWebDriverError@chrome://remote/content/shared/webdriver/Errors.sys.mjs:191:5\nNoSuchElementError@chrome://remote/content/shared/webdriver/Errors.sys.mjs:509:5\ndom.find/</<@chrome://remote/content/shared/DOM.sys.mjs:136:16", "trace": "self = <tests.test_order_feed.TestOrderFeed object at 0x000001F3B1045E50>, driver = <selenium.webdriver.firefox.webdriver.WebDriver (session=\"74131b38-7d28-4076-b35f-bf0a092c79c4\")>\ncreating_new_user = ['tmrrhui@mail.ru', 'ehansk']\n\n    @allure.title('Проверка заказов пользователя в \"Лента заказов\"')\n    def test_check_order_user_in_order_feed(self, driver, creating_new_user):\n        main_page = MainPageHelper(driver)\n        main_page.go_to_page()\n        main_page.wait_hidden_loader()\n        main_page.click_on_button_personal_account()\n        login_page = LoginPageHelper(driver)\n        login_page.filling_field_email_on_login_page(email=creating_new_user[0])\n        login_page.filling_field_password_on_login_page(password=creating_new_user[1])\n        login_page.click_on_button_login()\n        main_page.add_ingredient_to_order()\n        main_page.click_on_button_make_order()\n        main_page.click_on_button_close_modal_order()\n        main_page.wait_hidden_loader()\n        main_page.click_on_button_personal_account()\n        personal_account_page = PersonalAccountPageHelper(driver)\n        personal_account_page.wait_hidden_loader()\n        personal_account_page.click_link_history_orders()\n>       expected_result = personal_account_page.get_number_order_in_history_order()\n\ntests\\test_order_feed.py:43: \n_ _ _ _ _ _ _ _ _ _ _ _ _ _ _ _ _ _ _ _ _ _ _ _ _ _ _ _ _ _ _ _ _ _ _ _ _ _ _ _ _ _ _ _ _ _ _ _ _ _ _ _ _ _ _ _ _ _ _ _ _ _ _ _ _ _ _ _ _ _ _ _ _ _ _ _ _ _ _ _ _ _ _ _ _ _ _ _ _ _ _ _ _ _ _ _ _ _ _ _ _ _ _ _ _ _ _ _ _ _ _ _ _ _\npages\\personal_account_page.py:23: in get_number_order_in_history_order\n    return self.find_element(PersonalAccountPageLocators.number_order, wait_time=5).text\npages\\base_page.py:18: in find_element\n    return WebDriverWait(self.driver, wait_time).until(\n_ _ _ _ _ _ _ _ _ _ _ _ _ _ _ _ _ _ _ _ _ _ _ _ _ _ _ _ _ _ _ _ _ _ _ _ _ _ _ _ _ _ _ _ _ _ _ _ _ _ _ _ _ _ _ _ _ _ _ _ _ _ _ _ _ _ _ _ _ _ _ _ _ _ _ _ _ _ _ _ _ _ _ _ _ _ _ _ _ _ _ _ _ _ _ _ _ _ _ _ _ _ _ _ _ _ _ _ _ _ _ _ _ _\n\nself = <selenium.webdriver.support.wait.WebDriverWait (session=\"74131b38-7d28-4076-b35f-bf0a092c79c4\")>, method = <function visibility_of_element_located.<locals>._predicate at 0x000001F3B1067CE0>, message = ''\n\n    def until(self, method: Callable[[D], Union[Literal[False], T]], message: str = \"\") -> T:\n        \"\"\"Calls the method provided with the driver as an argument until the \\\n        return value does not evaluate to ``False``.\n    \n        :param method: callable(WebDriver)\n        :param message: optional message for :exc:`TimeoutException`\n        :returns: the result of the last call to `method`\n        :raises: :exc:`selenium.common.exceptions.TimeoutException` if timeout occurs\n        \"\"\"\n        screen = None\n        stacktrace = None\n    \n        end_time = time.monotonic() + self._timeout\n        while True:\n            try:\n                value = method(self._driver)\n                if value:\n                    return value\n            except self._ignored_exceptions as exc:\n                screen = getattr(exc, \"screen\", None)\n                stacktrace = getattr(exc, \"stacktrace\", None)\n            time.sleep(self._poll)\n            if time.monotonic() > end_time:\n                break\n>       raise TimeoutException(message, screen, stacktrace)\nE       selenium.common.exceptions.TimeoutException: Message: \nE       Stacktrace:\nE       RemoteError@chrome://remote/content/shared/RemoteError.sys.mjs:8:8\nE       WebDriverError@chrome://remote/content/shared/webdriver/Errors.sys.mjs:191:5\nE       NoSuchElementError@chrome://remote/content/shared/webdriver/Errors.sys.mjs:509:5\nE       dom.find/</<@chrome://remote/content/shared/DOM.sys.mjs:136:16\n\nvenv\\Lib\\site-packages\\selenium\\webdriver\\support\\wait.py:105: TimeoutException"}, "steps": [{"name": "Открытие страницы Stellar Burgers", "status": "passed", "start": 1706541584508, "stop": 1706541585365}, {"name": "Нажимаем на кнопку \"Личный кабинет\"", "status": "passed", "start": 1706541585384, "stop": 1706541585642}, {"name": "Заполняем поле \"Email\" на странице авторизации", "status": "passed", "parameters": [{"name": "email", "value": "'tmrrhui@mail.ru'"}], "start": 1706541585642, "stop": 1706541585693}, {"name": "Заполняем поле \"Пароль\" на странице авторизации", "status": "passed", "parameters": [{"name": "password", "value": "'ehansk'"}], "start": 1706541585693, "stop": 1706541585716}, {"name": "Нажимаем на кнопку \"Войти\" на странице авторизации", "status": "passed", "start": 1706541585716, "stop": 1706541585946}, {"name": "Добавляем ингредиент в заказ", "status": "passed", "start": 1706541585947, "stop": 1706541586529}, {"name": "Нажимаем на кнопку \"Оформить заказ\"", "status": "passed", "start": 1706541586529, "stop": 1706541586746}, {"name": "Закрываем модальное окно с заказом", "status": "passed", "start": 1706541586746, "stop": 1706541586972}, {"name": "Нажимаем на кнопку \"Личный кабинет\"", "status": "passed", "start": 1706541586984, "stop": 1706541587215}, {"name": "Нажимаем на ссылку \"История заказов\" в ЛК", "status": "passed", "start": 1706541587223, "stop": 1706541587442}, {"name": "Получение номера заказа в истории заказов", "status": "broken", "statusDetails": {"message": "selenium.common.exceptions.TimeoutException: Message: \nStacktrace:\nRemoteError@chrome://remote/content/shared/RemoteError.sys.mjs:8:8\nWebDriverError@chrome://remote/content/shared/webdriver/Errors.sys.mjs:191:5\nNoSuchElementError@chrome://remote/content/shared/webdriver/Errors.sys.mjs:509:5\ndom.find/</<@chrome://remote/content/shared/DOM.sys.mjs:136:16\n\n", "trace": "  File \"C:\\Users\\glinkin\\Desktop\\Diplom\\Diplom_3\\venv\\Lib\\site-packages\\allure_commons\\_allure.py\", line 192, in impl\n    return func(*a, **kw)\n           ^^^^^^^^^^^^^^\n  File \"C:\\Users\\glinkin\\Desktop\\Diplom\\Diplom_3\\pages\\personal_account_page.py\", line 23, in get_number_order_in_history_order\n    return self.find_element(PersonalAccountPageLocators.number_order, wait_time=5).text\n           ^^^^^^^^^^^^^^^^^^^^^^^^^^^^^^^^^^^^^^^^^^^^^^^^^^^^^^^^^^^^^^^^^^^^^^^^\n  File \"C:\\Users\\glinkin\\Desktop\\Diplom\\Diplom_3\\pages\\base_page.py\", line 18, in find_element\n    return WebDriverWait(self.driver, wait_time).until(\n           ^^^^^^^^^^^^^^^^^^^^^^^^^^^^^^^^^^^^^^^^^^^^\n  File \"C:\\Users\\glinkin\\Desktop\\Diplom\\Diplom_3\\venv\\Lib\\site-packages\\selenium\\webdriver\\support\\wait.py\", line 105, in until\n    raise TimeoutException(message, screen, stacktrace)\n"}, "start": 1706541587442, "stop": 1706541592471}], "attachments": [{"name": "log", "source": "b709ad48-a279-4ab1-91ed-bd7fe1895a7c-attachment.txt", "type": "text/plain"}], "parameters": [{"name": "driver", "value": "'firefox'"}], "start": 1706541584508, "stop": 1706541592479, "uuid": "7e4b2ce1-9ce4-46f2-97d4-515721a780f4", "historyId": "44f13fbf30cd175f64e063ad897d0b47", "testCaseId": "0c665cbebc1f9d1e135ddc7c15ef5413", "fullName": "tests.test_order_feed.TestOrderFeed#test_check_order_user_in_order_feed", "labels": [{"name": "parentSuite", "value": "tests"}, {"name": "suite", "value": "test_order_feed"}, {"name": "subSuite", "value": "TestOrderFeed"}, {"name": "host", "value": "inetshop-61"}, {"name": "thread", "value": "5924-MainThread"}, {"name": "framework", "value": "pytest"}, {"name": "language", "value": "cpython3"}, {"name": "package", "value": "tests.test_order_feed"}]}